Determining if the pthread_create exist failed with the following output:
Change Dir: /home/localguest/Desktop/myfiles/BA3/premier_projet/Neuron_project_2017/deux_neurones/CMakeFiles/CMakeTmp

Run Build Command:"/usr/bin/make" "cmTryCompileExec1693246709/fast"
/usr/bin/make -f CMakeFiles/cmTryCompileExec1693246709.dir/build.make CMakeFiles/cmTryCompileExec1693246709.dir/build
make[1]: Entering directory `/home/localguest/Desktop/myfiles/BA3/premier_projet/Neuron_project_2017/deux_neurones/CMakeFiles/CMakeTmp'
/usr/local/bin/cmake -E cmake_progress_report /home/localguest/Desktop/myfiles/BA3/premier_projet/Neuron_project_2017/deux_neurones/CMakeFiles/CMakeTmp/CMakeFiles 1
Building C object CMakeFiles/cmTryCompileExec1693246709.dir/CheckSymbolExists.c.o
/usr/bin/cc    -o CMakeFiles/cmTryCompileExec1693246709.dir/CheckSymbolExists.c.o   -c /home/localguest/Desktop/myfiles/BA3/premier_projet/Neuron_project_2017/deux_neurones/CMakeFiles/CMakeTmp/CheckSymbolExists.c
Linking C executable cmTryCompileExec1693246709
/usr/local/bin/cmake -E cmake_link_script CMakeFiles/cmTryCompileExec1693246709.dir/link.txt --verbose=1
/usr/bin/cc       CMakeFiles/cmTryCompileExec1693246709.dir/CheckSymbolExists.c.o  -o cmTryCompileExec1693246709 -rdynamic 
CMakeFiles/cmTryCompileExec1693246709.dir/CheckSymbolExists.c.o: In function `main':
CheckSymbolExists.c:(.text+0x16): undefined reference to `pthread_create'
collect2: error: ld returned 1 exit status
make[1]: Leaving directory `/home/localguest/Desktop/myfiles/BA3/premier_projet/Neuron_project_2017/deux_neurones/CMakeFiles/CMakeTmp'
make[1]: *** [cmTryCompileExec1693246709] Error 1
make: *** [cmTryCompileExec1693246709/fast] Error 2

File /home/localguest/Desktop/myfiles/BA3/premier_projet/Neuron_project_2017/deux_neurones/CMakeFiles/CMakeTmp/CheckSymbolExists.c:
/* */
#include <pthread.h>

int main(int argc, char** argv)
{
  (void)argv;
#ifndef pthread_create
  return ((int*)(&pthread_create))[argc];
#else
  (void)argc;
  return 0;
#endif
}

